CRITICAL - 2022-02-09 01:55:54 --> Call to undefined method App\Controllers\Frontend\Home::lang()
#0 C:\Projects\codeigniter_skeleton\app\Controllers\BaseController.php(50): App\Controllers\BaseController->initConfiguration()
#1 C:\Projects\codeigniter_skeleton\system\CodeIgniter.php(803): App\Controllers\BaseController->initController()
#2 C:\Projects\codeigniter_skeleton\system\CodeIgniter.php(403): CodeIgniter\CodeIgniter->createController()
#3 C:\Projects\codeigniter_skeleton\system\CodeIgniter.php(320): CodeIgniter\CodeIgniter->handleRequest()
#4 C:\Projects\codeigniter_skeleton\public\index.php(39): CodeIgniter\CodeIgniter->run()
#5 C:\Projects\codeigniter_skeleton\system\Commands\Server\rewrite.php(43): require_once('...')
#6 {main}
CRITICAL - 2022-02-09 01:56:51 --> Call to undefined method App\Controllers\Frontend\Home::lang()
#0 C:\Projects\codeigniter_skeleton\app\Controllers\BaseController.php(50): App\Controllers\BaseController->initConfiguration()
#1 C:\Projects\codeigniter_skeleton\system\CodeIgniter.php(803): App\Controllers\BaseController->initController()
#2 C:\Projects\codeigniter_skeleton\system\CodeIgniter.php(403): CodeIgniter\CodeIgniter->createController()
#3 C:\Projects\codeigniter_skeleton\system\CodeIgniter.php(320): CodeIgniter\CodeIgniter->handleRequest()
#4 C:\Projects\codeigniter_skeleton\public\index.php(39): CodeIgniter\CodeIgniter->run()
#5 C:\Projects\codeigniter_skeleton\system\Commands\Server\rewrite.php(43): require_once('...')
#6 {main}
CRITICAL - 2022-02-09 01:58:27 --> Call to undefined method App\Controllers\Frontend\Home::lang()
#0 C:\Projects\codeigniter_skeleton\app\Controllers\BaseController.php(50): App\Controllers\BaseController->initConfiguration()
#1 C:\Projects\codeigniter_skeleton\system\CodeIgniter.php(803): App\Controllers\BaseController->initController()
#2 C:\Projects\codeigniter_skeleton\system\CodeIgniter.php(403): CodeIgniter\CodeIgniter->createController()
#3 C:\Projects\codeigniter_skeleton\system\CodeIgniter.php(320): CodeIgniter\CodeIgniter->handleRequest()
#4 C:\Projects\codeigniter_skeleton\public\index.php(39): CodeIgniter\CodeIgniter->run()
#5 C:\Projects\codeigniter_skeleton\system\Commands\Server\rewrite.php(43): require_once('...')
#6 {main}
CRITICAL - 2022-02-09 02:00:05 --> Call to undefined function Config\debug()
#0 C:\Projects\codeigniter_skeleton\system\CodeIgniter.php(706): require()
#1 C:\Projects\codeigniter_skeleton\system\CodeIgniter.php(361): CodeIgniter\CodeIgniter->tryToRouteIt()
#2 C:\Projects\codeigniter_skeleton\system\CodeIgniter.php(320): CodeIgniter\CodeIgniter->handleRequest()
#3 C:\Projects\codeigniter_skeleton\system\CLI\Console.php(48): CodeIgniter\CodeIgniter->run()
#4 C:\Projects\codeigniter_skeleton\spark(63): CodeIgniter\CLI\Console->run()
#5 {main}
CRITICAL - 2022-02-09 02:06:52 --> Undefined array key "CI_ENVIRONMENT"
#0 C:\Projects\codeigniter_skeleton\app\Config\Routes.php(7): CodeIgniter\Debug\Exceptions->errorHandler()
#1 C:\Projects\codeigniter_skeleton\system\CodeIgniter.php(706): require('...')
#2 C:\Projects\codeigniter_skeleton\system\CodeIgniter.php(361): CodeIgniter\CodeIgniter->tryToRouteIt()
#3 C:\Projects\codeigniter_skeleton\system\CodeIgniter.php(320): CodeIgniter\CodeIgniter->handleRequest()
#4 C:\Projects\codeigniter_skeleton\public\index.php(39): CodeIgniter\CodeIgniter->run()
#5 C:\Projects\codeigniter_skeleton\system\Commands\Server\rewrite.php(43): require_once('...')
#6 {main}
CRITICAL - 2022-02-09 02:07:27 --> Undefined array key "CI_ENVIRONMENT"
#0 C:\Projects\codeigniter_skeleton\public\index.php(39): CodeIgniter\Debug\Exceptions->errorHandler()
#1 C:\Projects\codeigniter_skeleton\system\Commands\Server\rewrite.php(43): require_once('...')
#2 {main}
CRITICAL - 2022-02-09 02:08:58 --> Undefined array key "ENVIRONMENT"
#0 C:\Projects\codeigniter_skeleton\public\index.php(39): CodeIgniter\Debug\Exceptions->errorHandler()
#1 C:\Projects\codeigniter_skeleton\system\Commands\Server\rewrite.php(43): require_once('...')
#2 {main}
CRITICAL - 2022-02-09 02:12:13 --> Call to undefined function dotenv()
#0 C:\Projects\codeigniter_skeleton\system\Commands\Server\rewrite.php(43): require_once()
#1 {main}
CRITICAL - 2022-02-09 02:12:31 --> Call to undefined function dotenv()
#0 C:\Projects\codeigniter_skeleton\system\Commands\Server\rewrite.php(43): require_once()
#1 {main}
CRITICAL - 2022-02-09 02:12:48 --> Constant ENVIRONMENT already defined
#0 [internal function]: CodeIgniter\Debug\Exceptions->errorHandler()
#1 C:\Projects\codeigniter_skeleton\public\index.php(32): define()
#2 C:\Projects\codeigniter_skeleton\system\Commands\Server\rewrite.php(43): require_once('...')
#3 {main}
CRITICAL - 2022-02-09 02:14:36 --> Call to undefined function Config\debug()
#0 C:\Projects\codeigniter_skeleton\system\CodeIgniter.php(706): require()
#1 C:\Projects\codeigniter_skeleton\system\CodeIgniter.php(361): CodeIgniter\CodeIgniter->tryToRouteIt()
#2 C:\Projects\codeigniter_skeleton\system\CodeIgniter.php(320): CodeIgniter\CodeIgniter->handleRequest()
#3 C:\Projects\codeigniter_skeleton\system\CLI\Console.php(48): CodeIgniter\CodeIgniter->run()
#4 C:\Projects\codeigniter_skeleton\spark(63): CodeIgniter\CLI\Console->run()
#5 {main}
CRITICAL - 2022-02-09 02:16:03 --> Call to undefined method App\Controllers\Frontend\Home::lang()
#0 C:\Projects\codeigniter_skeleton\app\Controllers\BaseController.php(50): App\Controllers\BaseController->initConfiguration()
#1 C:\Projects\codeigniter_skeleton\system\CodeIgniter.php(803): App\Controllers\BaseController->initController()
#2 C:\Projects\codeigniter_skeleton\system\CodeIgniter.php(403): CodeIgniter\CodeIgniter->createController()
#3 C:\Projects\codeigniter_skeleton\system\CodeIgniter.php(320): CodeIgniter\CodeIgniter->handleRequest()
#4 C:\Projects\codeigniter_skeleton\public\index.php(39): CodeIgniter\CodeIgniter->run()
#5 C:\Projects\codeigniter_skeleton\system\Commands\Server\rewrite.php(43): require_once('...')
#6 {main}
CRITICAL - 2022-02-09 02:16:35 --> Undefined constant "App\Controllers\_lang"
#0 C:\Projects\codeigniter_skeleton\app\Controllers\BaseController.php(50): App\Controllers\BaseController->initConfiguration()
#1 C:\Projects\codeigniter_skeleton\system\CodeIgniter.php(803): App\Controllers\BaseController->initController()
#2 C:\Projects\codeigniter_skeleton\system\CodeIgniter.php(403): CodeIgniter\CodeIgniter->createController()
#3 C:\Projects\codeigniter_skeleton\system\CodeIgniter.php(320): CodeIgniter\CodeIgniter->handleRequest()
#4 C:\Projects\codeigniter_skeleton\public\index.php(39): CodeIgniter\CodeIgniter->run()
#5 C:\Projects\codeigniter_skeleton\system\Commands\Server\rewrite.php(43): require_once('...')
#6 {main}
CRITICAL - 2022-02-09 02:17:04 --> Cannot use isset() on the result of an expression (you can use "null !== expression" instead)
#0 [internal function]: CodeIgniter\Debug\Exceptions->shutdownHandler()
#1 {main}
CRITICAL - 2022-02-09 02:17:16 --> Undefined constant "App\Controllers\_lang"
#0 C:\Projects\codeigniter_skeleton\app\Controllers\BaseController.php(50): App\Controllers\BaseController->initConfiguration()
#1 C:\Projects\codeigniter_skeleton\system\CodeIgniter.php(803): App\Controllers\BaseController->initController()
#2 C:\Projects\codeigniter_skeleton\system\CodeIgniter.php(403): CodeIgniter\CodeIgniter->createController()
#3 C:\Projects\codeigniter_skeleton\system\CodeIgniter.php(320): CodeIgniter\CodeIgniter->handleRequest()
#4 C:\Projects\codeigniter_skeleton\public\index.php(39): CodeIgniter\CodeIgniter->run()
#5 C:\Projects\codeigniter_skeleton\system\Commands\Server\rewrite.php(43): require_once('...')
#6 {main}
CRITICAL - 2022-02-09 02:17:33 --> Invalid file: Layouts/Adminlte/Includes/include_meta.php
#0 C:\Projects\codeigniter_skeleton\system\View\View.php(198): CodeIgniter\Exceptions\FrameworkException::forInvalidFile()
#1 C:\Projects\codeigniter_skeleton\system\View\View.php(424): CodeIgniter\View\View->render()
#2 C:\Projects\codeigniter_skeleton\app\Views\Layouts\Adminlte\home.php(5): CodeIgniter\View\View->include()
#3 C:\Projects\codeigniter_skeleton\system\View\View.php(210): include('...')
#4 C:\Projects\codeigniter_skeleton\system\View\View.php(213): CodeIgniter\View\View->CodeIgniter\View\{closure}()
#5 C:\Projects\codeigniter_skeleton\system\Common.php(1089): CodeIgniter\View\View->render()
#6 C:\Projects\codeigniter_skeleton\app\Controllers\Frontend\Home.php(11): view()
#7 C:\Projects\codeigniter_skeleton\system\CodeIgniter.php(825): App\Controllers\Frontend\Home->index()
#8 C:\Projects\codeigniter_skeleton\system\CodeIgniter.php(412): CodeIgniter\CodeIgniter->runController()
#9 C:\Projects\codeigniter_skeleton\system\CodeIgniter.php(320): CodeIgniter\CodeIgniter->handleRequest()
#10 C:\Projects\codeigniter_skeleton\public\index.php(39): CodeIgniter\CodeIgniter->run()
#11 C:\Projects\codeigniter_skeleton\system\Commands\Server\rewrite.php(43): require_once('...')
#12 {main}
CRITICAL - 2022-02-09 02:18:07 --> Invalid file: Layouts/Adminlte/Includes/include_meta.php
#0 C:\Projects\codeigniter_skeleton\system\View\View.php(198): CodeIgniter\Exceptions\FrameworkException::forInvalidFile()
#1 C:\Projects\codeigniter_skeleton\system\View\View.php(424): CodeIgniter\View\View->render()
#2 C:\Projects\codeigniter_skeleton\app\Views\Layouts\Adminlte\home.php(5): CodeIgniter\View\View->include()
#3 C:\Projects\codeigniter_skeleton\system\View\View.php(210): include('...')
#4 C:\Projects\codeigniter_skeleton\system\View\View.php(213): CodeIgniter\View\View->CodeIgniter\View\{closure}()
#5 C:\Projects\codeigniter_skeleton\system\Common.php(1089): CodeIgniter\View\View->render()
#6 C:\Projects\codeigniter_skeleton\app\Controllers\Frontend\Home.php(11): view()
#7 C:\Projects\codeigniter_skeleton\system\CodeIgniter.php(825): App\Controllers\Frontend\Home->index()
#8 C:\Projects\codeigniter_skeleton\system\CodeIgniter.php(412): CodeIgniter\CodeIgniter->runController()
#9 C:\Projects\codeigniter_skeleton\system\CodeIgniter.php(320): CodeIgniter\CodeIgniter->handleRequest()
#10 C:\Projects\codeigniter_skeleton\public\index.php(39): CodeIgniter\CodeIgniter->run()
#11 C:\Projects\codeigniter_skeleton\system\Commands\Server\rewrite.php(43): require_once('...')
#12 {main}
CRITICAL - 2022-02-09 02:38:06 --> Call to undefined function link_tag()
#0 C:\Projects\codeigniter_skeleton\system\View\View.php(210): include()
#1 C:\Projects\codeigniter_skeleton\system\View\View.php(213): CodeIgniter\View\View->CodeIgniter\View\{closure}()
#2 C:\Projects\codeigniter_skeleton\system\View\View.php(424): CodeIgniter\View\View->render()
#3 C:\Projects\codeigniter_skeleton\app\Views\Layouts\Adminlte\home.php(6): CodeIgniter\View\View->include()
#4 C:\Projects\codeigniter_skeleton\system\View\View.php(210): include('...')
#5 C:\Projects\codeigniter_skeleton\system\View\View.php(213): CodeIgniter\View\View->CodeIgniter\View\{closure}()
#6 C:\Projects\codeigniter_skeleton\system\Common.php(1089): CodeIgniter\View\View->render()
#7 C:\Projects\codeigniter_skeleton\app\Controllers\Frontend\Home.php(11): view()
#8 C:\Projects\codeigniter_skeleton\system\CodeIgniter.php(825): App\Controllers\Frontend\Home->index()
#9 C:\Projects\codeigniter_skeleton\system\CodeIgniter.php(412): CodeIgniter\CodeIgniter->runController()
#10 C:\Projects\codeigniter_skeleton\system\CodeIgniter.php(320): CodeIgniter\CodeIgniter->handleRequest()
#11 C:\Projects\codeigniter_skeleton\public\index.php(39): CodeIgniter\CodeIgniter->run()
#12 C:\Projects\codeigniter_skeleton\system\Commands\Server\rewrite.php(43): require_once('...')
#13 {main}
CRITICAL - 2022-02-09 02:46:25 --> Invalid file: Layouts/Adminlte/Includes/home/include_meta.php
#0 C:\Projects\codeigniter_skeleton\system\View\View.php(198): CodeIgniter\Exceptions\FrameworkException::forInvalidFile()
#1 C:\Projects\codeigniter_skeleton\system\View\View.php(424): CodeIgniter\View\View->render()
#2 C:\Projects\codeigniter_skeleton\app\Views\Layouts\Adminlte\home.php(5): CodeIgniter\View\View->include()
#3 C:\Projects\codeigniter_skeleton\system\View\View.php(210): include('...')
#4 C:\Projects\codeigniter_skeleton\system\View\View.php(213): CodeIgniter\View\View->CodeIgniter\View\{closure}()
#5 C:\Projects\codeigniter_skeleton\system\Common.php(1089): CodeIgniter\View\View->render()
#6 C:\Projects\codeigniter_skeleton\app\Controllers\Frontend\Home.php(11): view()
#7 C:\Projects\codeigniter_skeleton\system\CodeIgniter.php(825): App\Controllers\Frontend\Home->index()
#8 C:\Projects\codeigniter_skeleton\system\CodeIgniter.php(412): CodeIgniter\CodeIgniter->runController()
#9 C:\Projects\codeigniter_skeleton\system\CodeIgniter.php(320): CodeIgniter\CodeIgniter->handleRequest()
#10 C:\Projects\codeigniter_skeleton\public\index.php(39): CodeIgniter\CodeIgniter->run()
#11 C:\Projects\codeigniter_skeleton\system\Commands\Server\rewrite.php(43): require_once('...')
#12 {main}
CRITICAL - 2022-02-09 02:48:22 --> Invalid file: Layouts/Adminlte/Includes/home/include_meta.php
#0 C:\Projects\codeigniter_skeleton\system\View\View.php(198): CodeIgniter\Exceptions\FrameworkException::forInvalidFile()
#1 C:\Projects\codeigniter_skeleton\system\View\View.php(424): CodeIgniter\View\View->render()
#2 C:\Projects\codeigniter_skeleton\app\Views\Layouts\Adminlte\home.php(5): CodeIgniter\View\View->include()
#3 C:\Projects\codeigniter_skeleton\system\View\View.php(210): include('...')
#4 C:\Projects\codeigniter_skeleton\system\View\View.php(213): CodeIgniter\View\View->CodeIgniter\View\{closure}()
#5 C:\Projects\codeigniter_skeleton\system\Common.php(1089): CodeIgniter\View\View->render()
#6 C:\Projects\codeigniter_skeleton\app\Controllers\Frontend\Home.php(11): view()
#7 C:\Projects\codeigniter_skeleton\system\CodeIgniter.php(825): App\Controllers\Frontend\Home->index()
#8 C:\Projects\codeigniter_skeleton\system\CodeIgniter.php(412): CodeIgniter\CodeIgniter->runController()
#9 C:\Projects\codeigniter_skeleton\system\CodeIgniter.php(320): CodeIgniter\CodeIgniter->handleRequest()
#10 C:\Projects\codeigniter_skeleton\public\index.php(39): CodeIgniter\CodeIgniter->run()
#11 C:\Projects\codeigniter_skeleton\system\Commands\Server\rewrite.php(43): require_once('...')
#12 {main}
CRITICAL - 2022-02-09 02:49:05 --> Invalid file: Layouts/Adminlte/Includes/home/include_meta.php
#0 C:\Projects\codeigniter_skeleton\system\View\View.php(198): CodeIgniter\Exceptions\FrameworkException::forInvalidFile()
#1 C:\Projects\codeigniter_skeleton\system\View\View.php(424): CodeIgniter\View\View->render()
#2 C:\Projects\codeigniter_skeleton\app\Views\Layouts\Adminlte\home.php(5): CodeIgniter\View\View->include()
#3 C:\Projects\codeigniter_skeleton\system\View\View.php(210): include('...')
#4 C:\Projects\codeigniter_skeleton\system\View\View.php(213): CodeIgniter\View\View->CodeIgniter\View\{closure}()
#5 C:\Projects\codeigniter_skeleton\system\Common.php(1089): CodeIgniter\View\View->render()
#6 C:\Projects\codeigniter_skeleton\app\Controllers\Frontend\Home.php(11): view()
#7 C:\Projects\codeigniter_skeleton\system\CodeIgniter.php(825): App\Controllers\Frontend\Home->index()
#8 C:\Projects\codeigniter_skeleton\system\CodeIgniter.php(412): CodeIgniter\CodeIgniter->runController()
#9 C:\Projects\codeigniter_skeleton\system\CodeIgniter.php(320): CodeIgniter\CodeIgniter->handleRequest()
#10 C:\Projects\codeigniter_skeleton\public\index.php(39): CodeIgniter\CodeIgniter->run()
#11 C:\Projects\codeigniter_skeleton\system\Commands\Server\rewrite.php(43): require_once('...')
#12 {main}
CRITICAL - 2022-02-09 02:49:15 --> Invalid file: Layouts/Adminlte/Includes/home/include_css.php
#0 C:\Projects\codeigniter_skeleton\system\View\View.php(198): CodeIgniter\Exceptions\FrameworkException::forInvalidFile()
#1 C:\Projects\codeigniter_skeleton\system\View\View.php(424): CodeIgniter\View\View->render()
#2 C:\Projects\codeigniter_skeleton\app\Views\Layouts\Adminlte\home.php(5): CodeIgniter\View\View->include()
#3 C:\Projects\codeigniter_skeleton\system\View\View.php(210): include('...')
#4 C:\Projects\codeigniter_skeleton\system\View\View.php(213): CodeIgniter\View\View->CodeIgniter\View\{closure}()
#5 C:\Projects\codeigniter_skeleton\system\Common.php(1089): CodeIgniter\View\View->render()
#6 C:\Projects\codeigniter_skeleton\app\Controllers\Frontend\Home.php(11): view()
#7 C:\Projects\codeigniter_skeleton\system\CodeIgniter.php(825): App\Controllers\Frontend\Home->index()
#8 C:\Projects\codeigniter_skeleton\system\CodeIgniter.php(412): CodeIgniter\CodeIgniter->runController()
#9 C:\Projects\codeigniter_skeleton\system\CodeIgniter.php(320): CodeIgniter\CodeIgniter->handleRequest()
#10 C:\Projects\codeigniter_skeleton\public\index.php(39): CodeIgniter\CodeIgniter->run()
#11 C:\Projects\codeigniter_skeleton\system\Commands\Server\rewrite.php(43): require_once('...')
#12 {main}
CRITICAL - 2022-02-09 02:52:49 --> Too few arguments to function CodeIgniter\View\View::__construct(), 0 passed in C:\Projects\codeigniter_skeleton\app\Controllers\BaseController.php on line 61 and at least 1 expected
#0 C:\Projects\codeigniter_skeleton\app\Controllers\BaseController.php(61): CodeIgniter\View\View->__construct()
#1 C:\Projects\codeigniter_skeleton\app\Controllers\Frontend\Home.php(11): App\Controllers\BaseController->renderLayout()
#2 C:\Projects\codeigniter_skeleton\system\CodeIgniter.php(825): App\Controllers\Frontend\Home->index()
#3 C:\Projects\codeigniter_skeleton\system\CodeIgniter.php(412): CodeIgniter\CodeIgniter->runController()
#4 C:\Projects\codeigniter_skeleton\system\CodeIgniter.php(320): CodeIgniter\CodeIgniter->handleRequest()
#5 C:\Projects\codeigniter_skeleton\public\index.php(39): CodeIgniter\CodeIgniter->run()
#6 C:\Projects\codeigniter_skeleton\system\Commands\Server\rewrite.php(43): require_once('...')
#7 {main}
CRITICAL - 2022-02-09 02:53:24 --> Undefined variable $title_for_layout
#0 C:\Projects\codeigniter_skeleton\app\Views\Layouts\Adminlte\home.php(4): CodeIgniter\Debug\Exceptions->errorHandler()
#1 C:\Projects\codeigniter_skeleton\system\View\View.php(210): include('...')
#2 C:\Projects\codeigniter_skeleton\system\View\View.php(213): CodeIgniter\View\View->CodeIgniter\View\{closure}()
#3 C:\Projects\codeigniter_skeleton\app\Controllers\BaseController.php(62): CodeIgniter\View\View->render()
#4 C:\Projects\codeigniter_skeleton\app\Controllers\Frontend\Home.php(11): App\Controllers\BaseController->renderLayout()
#5 C:\Projects\codeigniter_skeleton\system\CodeIgniter.php(825): App\Controllers\Frontend\Home->index()
#6 C:\Projects\codeigniter_skeleton\system\CodeIgniter.php(412): CodeIgniter\CodeIgniter->runController()
#7 C:\Projects\codeigniter_skeleton\system\CodeIgniter.php(320): CodeIgniter\CodeIgniter->handleRequest()
#8 C:\Projects\codeigniter_skeleton\public\index.php(39): CodeIgniter\CodeIgniter->run()
#9 C:\Projects\codeigniter_skeleton\system\Commands\Server\rewrite.php(43): require_once('...')
#10 {main}
CRITICAL - 2022-02-09 02:53:37 --> Undefined variable $title_for_layout
#0 C:\Projects\codeigniter_skeleton\app\Views\Layouts\Adminlte\home.php(4): CodeIgniter\Debug\Exceptions->errorHandler()
#1 C:\Projects\codeigniter_skeleton\system\View\View.php(210): include('...')
#2 C:\Projects\codeigniter_skeleton\system\View\View.php(213): CodeIgniter\View\View->CodeIgniter\View\{closure}()
#3 C:\Projects\codeigniter_skeleton\app\Controllers\BaseController.php(62): CodeIgniter\View\View->render()
#4 C:\Projects\codeigniter_skeleton\app\Controllers\Frontend\Home.php(11): App\Controllers\BaseController->renderLayout()
#5 C:\Projects\codeigniter_skeleton\system\CodeIgniter.php(825): App\Controllers\Frontend\Home->index()
#6 C:\Projects\codeigniter_skeleton\system\CodeIgniter.php(412): CodeIgniter\CodeIgniter->runController()
#7 C:\Projects\codeigniter_skeleton\system\CodeIgniter.php(320): CodeIgniter\CodeIgniter->handleRequest()
#8 C:\Projects\codeigniter_skeleton\public\index.php(39): CodeIgniter\CodeIgniter->run()
#9 C:\Projects\codeigniter_skeleton\system\Commands\Server\rewrite.php(43): require_once('...')
#10 {main}
CRITICAL - 2022-02-09 03:20:00 --> Too few arguments to function CodeIgniter\View\Parser::__construct(), 0 passed in C:\Projects\codeigniter_skeleton\app\Controllers\BaseController.php on line 62 and at least 1 expected
#0 C:\Projects\codeigniter_skeleton\app\Controllers\BaseController.php(62): CodeIgniter\View\Parser->__construct()
#1 C:\Projects\codeigniter_skeleton\app\Controllers\Frontend\Home.php(11): App\Controllers\BaseController->renderLayout()
#2 C:\Projects\codeigniter_skeleton\system\CodeIgniter.php(825): App\Controllers\Frontend\Home->index()
#3 C:\Projects\codeigniter_skeleton\system\CodeIgniter.php(412): CodeIgniter\CodeIgniter->runController()
#4 C:\Projects\codeigniter_skeleton\system\CodeIgniter.php(320): CodeIgniter\CodeIgniter->handleRequest()
#5 C:\Projects\codeigniter_skeleton\public\index.php(39): CodeIgniter\CodeIgniter->run()
#6 C:\Projects\codeigniter_skeleton\system\Commands\Server\rewrite.php(43): require_once('...')
#7 {main}
CRITICAL - 2022-02-09 03:46:15 --> Call to undefined method CodeIgniter\View\View::view()
#0 C:\Projects\codeigniter_skeleton\system\View\View.php(210): include()
#1 C:\Projects\codeigniter_skeleton\system\View\View.php(213): CodeIgniter\View\View->CodeIgniter\View\{closure}()
#2 C:\Projects\codeigniter_skeleton\system\Common.php(1089): CodeIgniter\View\View->render()
#3 C:\Projects\codeigniter_skeleton\app\Controllers\BaseController.php(63): view()
#4 C:\Projects\codeigniter_skeleton\app\Controllers\Frontend\Home.php(11): App\Controllers\BaseController->renderLayout()
#5 C:\Projects\codeigniter_skeleton\system\CodeIgniter.php(825): App\Controllers\Frontend\Home->index()
#6 C:\Projects\codeigniter_skeleton\system\CodeIgniter.php(412): CodeIgniter\CodeIgniter->runController()
#7 C:\Projects\codeigniter_skeleton\system\CodeIgniter.php(320): CodeIgniter\CodeIgniter->handleRequest()
#8 C:\Projects\codeigniter_skeleton\public\index.php(39): CodeIgniter\CodeIgniter->run()
#9 C:\Projects\codeigniter_skeleton\system\Commands\Server\rewrite.php(43): require_once('...')
#10 {main}
CRITICAL - 2022-02-09 03:47:42 --> Call to undefined method CodeIgniter\View\View::view()
#0 C:\Projects\codeigniter_skeleton\system\View\View.php(210): include()
#1 C:\Projects\codeigniter_skeleton\system\View\View.php(213): CodeIgniter\View\View->CodeIgniter\View\{closure}()
#2 C:\Projects\codeigniter_skeleton\system\Common.php(1089): CodeIgniter\View\View->render()
#3 C:\Projects\codeigniter_skeleton\app\Controllers\BaseController.php(63): view()
#4 C:\Projects\codeigniter_skeleton\app\Controllers\Frontend\Home.php(11): App\Controllers\BaseController->renderLayout()
#5 C:\Projects\codeigniter_skeleton\system\CodeIgniter.php(825): App\Controllers\Frontend\Home->index()
#6 C:\Projects\codeigniter_skeleton\system\CodeIgniter.php(412): CodeIgniter\CodeIgniter->runController()
#7 C:\Projects\codeigniter_skeleton\system\CodeIgniter.php(320): CodeIgniter\CodeIgniter->handleRequest()
#8 C:\Projects\codeigniter_skeleton\public\index.php(39): CodeIgniter\CodeIgniter->run()
#9 C:\Projects\codeigniter_skeleton\system\Commands\Server\rewrite.php(43): require_once('...')
#10 {main}
CRITICAL - 2022-02-09 03:48:34 --> Call to undefined method CodeIgniter\View\View::view()
#0 C:\Projects\codeigniter_skeleton\system\View\View.php(210): include()
#1 C:\Projects\codeigniter_skeleton\system\View\View.php(213): CodeIgniter\View\View->CodeIgniter\View\{closure}()
#2 C:\Projects\codeigniter_skeleton\system\Common.php(1089): CodeIgniter\View\View->render()
#3 C:\Projects\codeigniter_skeleton\app\Controllers\BaseController.php(63): view()
#4 C:\Projects\codeigniter_skeleton\app\Controllers\Frontend\Home.php(11): App\Controllers\BaseController->renderLayout()
#5 C:\Projects\codeigniter_skeleton\system\CodeIgniter.php(825): App\Controllers\Frontend\Home->index()
#6 C:\Projects\codeigniter_skeleton\system\CodeIgniter.php(412): CodeIgniter\CodeIgniter->runController()
#7 C:\Projects\codeigniter_skeleton\system\CodeIgniter.php(320): CodeIgniter\CodeIgniter->handleRequest()
#8 C:\Projects\codeigniter_skeleton\public\index.php(39): CodeIgniter\CodeIgniter->run()
#9 C:\Projects\codeigniter_skeleton\system\Commands\Server\rewrite.php(43): require_once('...')
#10 {main}
CRITICAL - 2022-02-09 03:49:09 --> Call to undefined method CodeIgniter\View\View::view()
#0 C:\Projects\codeigniter_skeleton\system\View\View.php(210): include()
#1 C:\Projects\codeigniter_skeleton\system\View\View.php(213): CodeIgniter\View\View->CodeIgniter\View\{closure}()
#2 C:\Projects\codeigniter_skeleton\system\Common.php(1089): CodeIgniter\View\View->render()
#3 C:\Projects\codeigniter_skeleton\app\Controllers\BaseController.php(63): view()
#4 C:\Projects\codeigniter_skeleton\app\Controllers\Frontend\Home.php(11): App\Controllers\BaseController->renderLayout()
#5 C:\Projects\codeigniter_skeleton\system\CodeIgniter.php(825): App\Controllers\Frontend\Home->index()
#6 C:\Projects\codeigniter_skeleton\system\CodeIgniter.php(412): CodeIgniter\CodeIgniter->runController()
#7 C:\Projects\codeigniter_skeleton\system\CodeIgniter.php(320): CodeIgniter\CodeIgniter->handleRequest()
#8 C:\Projects\codeigniter_skeleton\public\index.php(39): CodeIgniter\CodeIgniter->run()
#9 C:\Projects\codeigniter_skeleton\system\Commands\Server\rewrite.php(43): require_once('...')
#10 {main}
CRITICAL - 2022-02-09 03:51:04 --> Invalid file: Layouts/Adminlte/Includes/home/include_meta.php
#0 C:\Projects\codeigniter_skeleton\system\View\View.php(198): CodeIgniter\Exceptions\FrameworkException::forInvalidFile()
#1 C:\Projects\codeigniter_skeleton\system\View\View.php(424): CodeIgniter\View\View->render()
#2 C:\Projects\codeigniter_skeleton\app\Views\Layouts\Adminlte\home.php(5): CodeIgniter\View\View->include()
#3 C:\Projects\codeigniter_skeleton\system\View\View.php(210): include('...')
#4 C:\Projects\codeigniter_skeleton\system\View\View.php(213): CodeIgniter\View\View->CodeIgniter\View\{closure}()
#5 C:\Projects\codeigniter_skeleton\system\Common.php(1089): CodeIgniter\View\View->render()
#6 C:\Projects\codeigniter_skeleton\app\Controllers\BaseController.php(63): view()
#7 C:\Projects\codeigniter_skeleton\app\Controllers\Frontend\Home.php(11): App\Controllers\BaseController->renderLayout()
#8 C:\Projects\codeigniter_skeleton\system\CodeIgniter.php(825): App\Controllers\Frontend\Home->index()
#9 C:\Projects\codeigniter_skeleton\system\CodeIgniter.php(412): CodeIgniter\CodeIgniter->runController()
#10 C:\Projects\codeigniter_skeleton\system\CodeIgniter.php(320): CodeIgniter\CodeIgniter->handleRequest()
#11 C:\Projects\codeigniter_skeleton\public\index.php(39): CodeIgniter\CodeIgniter->run()
#12 C:\Projects\codeigniter_skeleton\system\Commands\Server\rewrite.php(43): require_once('...')
#13 {main}
CRITICAL - 2022-02-09 04:19:07 --> Invalid file: Layouts/Adminlte/Includes/home/include_meta.php
#0 C:\Projects\codeigniter_skeleton\system\View\View.php(198): CodeIgniter\Exceptions\FrameworkException::forInvalidFile()
#1 C:\Projects\codeigniter_skeleton\system\View\View.php(424): CodeIgniter\View\View->render()
#2 C:\Projects\codeigniter_skeleton\app\Views\Layouts\Adminlte\home.php(5): CodeIgniter\View\View->include()
#3 C:\Projects\codeigniter_skeleton\system\View\View.php(210): include('...')
#4 C:\Projects\codeigniter_skeleton\system\View\View.php(213): CodeIgniter\View\View->CodeIgniter\View\{closure}()
#5 C:\Projects\codeigniter_skeleton\system\Common.php(1089): CodeIgniter\View\View->render()
#6 C:\Projects\codeigniter_skeleton\app\Controllers\BaseController.php(63): view()
#7 C:\Projects\codeigniter_skeleton\app\Controllers\Frontend\Home.php(11): App\Controllers\BaseController->renderLayout()
#8 C:\Projects\codeigniter_skeleton\system\CodeIgniter.php(825): App\Controllers\Frontend\Home->index()
#9 C:\Projects\codeigniter_skeleton\system\CodeIgniter.php(412): CodeIgniter\CodeIgniter->runController()
#10 C:\Projects\codeigniter_skeleton\system\CodeIgniter.php(320): CodeIgniter\CodeIgniter->handleRequest()
#11 C:\Projects\codeigniter_skeleton\public\index.php(39): CodeIgniter\CodeIgniter->run()
#12 C:\Projects\codeigniter_skeleton\system\Commands\Server\rewrite.php(43): require_once('...')
#13 {main}
CRITICAL - 2022-02-09 04:33:54 --> Invalid file: Layouts/Adminlte/Includes/home/include_meta.php
#0 C:\Projects\codeigniter_skeleton\system\View\View.php(198): CodeIgniter\Exceptions\FrameworkException::forInvalidFile()
#1 C:\Projects\codeigniter_skeleton\system\View\View.php(424): CodeIgniter\View\View->render()
#2 C:\Projects\codeigniter_skeleton\app\Views\Layouts\Adminlte\home.php(5): CodeIgniter\View\View->include()
#3 C:\Projects\codeigniter_skeleton\system\View\View.php(210): include('...')
#4 C:\Projects\codeigniter_skeleton\system\View\View.php(213): CodeIgniter\View\View->CodeIgniter\View\{closure}()
#5 C:\Projects\codeigniter_skeleton\system\Common.php(1089): CodeIgniter\View\View->render()
#6 C:\Projects\codeigniter_skeleton\app\Controllers\BaseController.php(63): view()
#7 C:\Projects\codeigniter_skeleton\app\Controllers\Frontend\Home.php(11): App\Controllers\BaseController->renderLayout()
#8 C:\Projects\codeigniter_skeleton\system\CodeIgniter.php(825): App\Controllers\Frontend\Home->index()
#9 C:\Projects\codeigniter_skeleton\system\CodeIgniter.php(412): CodeIgniter\CodeIgniter->runController()
#10 C:\Projects\codeigniter_skeleton\system\CodeIgniter.php(320): CodeIgniter\CodeIgniter->handleRequest()
#11 C:\Projects\codeigniter_skeleton\public\index.php(39): CodeIgniter\CodeIgniter->run()
#12 C:\Projects\codeigniter_skeleton\system\Commands\Server\rewrite.php(43): require_once('...')
#13 {main}
CRITICAL - 2022-02-09 04:34:43 --> Invalid file: Layouts/Adminlte/Includes/home/include_meta.php
#0 C:\Projects\codeigniter_skeleton\system\View\View.php(198): CodeIgniter\Exceptions\FrameworkException::forInvalidFile()
#1 C:\Projects\codeigniter_skeleton\system\View\View.php(424): CodeIgniter\View\View->render()
#2 C:\Projects\codeigniter_skeleton\app\Views\Layouts\Adminlte\home.php(5): CodeIgniter\View\View->include()
#3 C:\Projects\codeigniter_skeleton\system\View\View.php(210): include('...')
#4 C:\Projects\codeigniter_skeleton\system\View\View.php(213): CodeIgniter\View\View->CodeIgniter\View\{closure}()
#5 C:\Projects\codeigniter_skeleton\system\Common.php(1089): CodeIgniter\View\View->render()
#6 C:\Projects\codeigniter_skeleton\app\Controllers\BaseController.php(63): view()
#7 C:\Projects\codeigniter_skeleton\app\Controllers\Frontend\Home.php(11): App\Controllers\BaseController->renderLayout()
#8 C:\Projects\codeigniter_skeleton\system\CodeIgniter.php(825): App\Controllers\Frontend\Home->index()
#9 C:\Projects\codeigniter_skeleton\system\CodeIgniter.php(412): CodeIgniter\CodeIgniter->runController()
#10 C:\Projects\codeigniter_skeleton\system\CodeIgniter.php(320): CodeIgniter\CodeIgniter->handleRequest()
#11 C:\Projects\codeigniter_skeleton\public\index.php(39): CodeIgniter\CodeIgniter->run()
#12 C:\Projects\codeigniter_skeleton\system\Commands\Server\rewrite.php(43): require_once('...')
#13 {main}
CRITICAL - 2022-02-09 04:35:20 --> Invalid file: Layouts/Adminlte/Includes/home/include_meta.php
#0 C:\Projects\codeigniter_skeleton\system\View\View.php(198): CodeIgniter\Exceptions\FrameworkException::forInvalidFile()
#1 C:\Projects\codeigniter_skeleton\system\View\View.php(424): CodeIgniter\View\View->render()
#2 C:\Projects\codeigniter_skeleton\app\Views\Layouts\Adminlte\home.php(5): CodeIgniter\View\View->include()
#3 C:\Projects\codeigniter_skeleton\system\View\View.php(210): include('...')
#4 C:\Projects\codeigniter_skeleton\system\View\View.php(213): CodeIgniter\View\View->CodeIgniter\View\{closure}()
#5 C:\Projects\codeigniter_skeleton\system\Common.php(1089): CodeIgniter\View\View->render()
#6 C:\Projects\codeigniter_skeleton\app\Controllers\BaseController.php(63): view()
#7 C:\Projects\codeigniter_skeleton\app\Controllers\Frontend\Home.php(11): App\Controllers\BaseController->renderLayout()
#8 C:\Projects\codeigniter_skeleton\system\CodeIgniter.php(825): App\Controllers\Frontend\Home->index()
#9 C:\Projects\codeigniter_skeleton\system\CodeIgniter.php(412): CodeIgniter\CodeIgniter->runController()
#10 C:\Projects\codeigniter_skeleton\system\CodeIgniter.php(320): CodeIgniter\CodeIgniter->handleRequest()
#11 C:\Projects\codeigniter_skeleton\public\index.php(39): CodeIgniter\CodeIgniter->run()
#12 C:\Projects\codeigniter_skeleton\system\Commands\Server\rewrite.php(43): require_once('...')
#13 {main}
CRITICAL - 2022-02-09 05:06:15 --> Invalid file: C:\Projects\codeigniter_skeleton\app\Config/../Views\App/Views/Layouts/Adminlte/Includes/home/include_meta.php
#0 C:\Projects\codeigniter_skeleton\system\View\Parser.php(112): CodeIgniter\Exceptions\FrameworkException::forInvalidFile()
#1 C:\Projects\codeigniter_skeleton\app\Libraries\ViewParserPlugin.php(15): CodeIgniter\View\Parser->render()
#2 C:\Projects\codeigniter_skeleton\system\View\Parser.php(631): App\Libraries\ViewParserPlugin::include()
#3 C:\Projects\codeigniter_skeleton\system\View\Parser.php(226): CodeIgniter\View\Parser->parsePlugins()
#4 C:\Projects\codeigniter_skeleton\system\View\Parser.php(121): CodeIgniter\View\Parser->parse()
#5 C:\Projects\codeigniter_skeleton\app\Controllers\BaseController.php(62): CodeIgniter\View\Parser->render()
#6 C:\Projects\codeigniter_skeleton\app\Controllers\Frontend\Home.php(11): App\Controllers\BaseController->renderLayout()
#7 C:\Projects\codeigniter_skeleton\system\CodeIgniter.php(825): App\Controllers\Frontend\Home->index()
#8 C:\Projects\codeigniter_skeleton\system\CodeIgniter.php(412): CodeIgniter\CodeIgniter->runController()
#9 C:\Projects\codeigniter_skeleton\system\CodeIgniter.php(320): CodeIgniter\CodeIgniter->handleRequest()
#10 C:\Projects\codeigniter_skeleton\public\index.php(39): CodeIgniter\CodeIgniter->run()
#11 C:\Projects\codeigniter_skeleton\system\Commands\Server\rewrite.php(43): require_once('...')
#12 {main}
CRITICAL - 2022-02-09 05:06:27 --> Invalid file: C:\Projects\codeigniter_skeleton\app\Config/../Views\App/Views/Layouts/Adminlte/Includes/home/include_meta.php
#0 C:\Projects\codeigniter_skeleton\system\View\Parser.php(112): CodeIgniter\Exceptions\FrameworkException::forInvalidFile()
#1 C:\Projects\codeigniter_skeleton\app\Libraries\ViewParserPlugin.php(15): CodeIgniter\View\Parser->render()
#2 C:\Projects\codeigniter_skeleton\system\View\Parser.php(631): App\Libraries\ViewParserPlugin::include()
#3 C:\Projects\codeigniter_skeleton\system\View\Parser.php(226): CodeIgniter\View\Parser->parsePlugins()
#4 C:\Projects\codeigniter_skeleton\system\View\Parser.php(121): CodeIgniter\View\Parser->parse()
#5 C:\Projects\codeigniter_skeleton\app\Controllers\BaseController.php(62): CodeIgniter\View\Parser->render()
#6 C:\Projects\codeigniter_skeleton\app\Controllers\Frontend\Home.php(11): App\Controllers\BaseController->renderLayout()
#7 C:\Projects\codeigniter_skeleton\system\CodeIgniter.php(825): App\Controllers\Frontend\Home->index()
#8 C:\Projects\codeigniter_skeleton\system\CodeIgniter.php(412): CodeIgniter\CodeIgniter->runController()
#9 C:\Projects\codeigniter_skeleton\system\CodeIgniter.php(320): CodeIgniter\CodeIgniter->handleRequest()
#10 C:\Projects\codeigniter_skeleton\public\index.php(39): CodeIgniter\CodeIgniter->run()
#11 C:\Projects\codeigniter_skeleton\system\Commands\Server\rewrite.php(43): require_once('...')
#12 {main}
CRITICAL - 2022-02-09 05:07:05 --> Invalid file: C:\Projects\codeigniter_skeleton\app\Config/../Views\App/Views/Layouts/Adminlte/Includes/home/include_meta.php
#0 C:\Projects\codeigniter_skeleton\system\View\Parser.php(112): CodeIgniter\Exceptions\FrameworkException::forInvalidFile()
#1 C:\Projects\codeigniter_skeleton\app\Libraries\ViewParserPlugin.php(15): CodeIgniter\View\Parser->render()
#2 C:\Projects\codeigniter_skeleton\system\View\Parser.php(631): App\Libraries\ViewParserPlugin::include()
#3 C:\Projects\codeigniter_skeleton\system\View\Parser.php(226): CodeIgniter\View\Parser->parsePlugins()
#4 C:\Projects\codeigniter_skeleton\system\View\Parser.php(121): CodeIgniter\View\Parser->parse()
#5 C:\Projects\codeigniter_skeleton\app\Controllers\BaseController.php(62): CodeIgniter\View\Parser->render()
#6 C:\Projects\codeigniter_skeleton\app\Controllers\Frontend\Home.php(11): App\Controllers\BaseController->renderLayout()
#7 C:\Projects\codeigniter_skeleton\system\CodeIgniter.php(825): App\Controllers\Frontend\Home->index()
#8 C:\Projects\codeigniter_skeleton\system\CodeIgniter.php(412): CodeIgniter\CodeIgniter->runController()
#9 C:\Projects\codeigniter_skeleton\system\CodeIgniter.php(320): CodeIgniter\CodeIgniter->handleRequest()
#10 C:\Projects\codeigniter_skeleton\public\index.php(39): CodeIgniter\CodeIgniter->run()
#11 C:\Projects\codeigniter_skeleton\system\Commands\Server\rewrite.php(43): require_once('...')
#12 {main}
CRITICAL - 2022-02-09 05:09:39 --> Invalid file: C:\Projects\codeigniter_skeleton\app\Config/../Views\App/Views/Layouts/Adminlte/Includes/home/include_meta.php
#0 C:\Projects\codeigniter_skeleton\system\View\Parser.php(112): CodeIgniter\Exceptions\FrameworkException::forInvalidFile()
#1 C:\Projects\codeigniter_skeleton\app\Libraries\ViewParserPlugin.php(15): CodeIgniter\View\Parser->render()
#2 C:\Projects\codeigniter_skeleton\system\View\Parser.php(631): App\Libraries\ViewParserPlugin::include()
#3 C:\Projects\codeigniter_skeleton\system\View\Parser.php(226): CodeIgniter\View\Parser->parsePlugins()
#4 C:\Projects\codeigniter_skeleton\system\View\Parser.php(121): CodeIgniter\View\Parser->parse()
#5 C:\Projects\codeigniter_skeleton\app\Controllers\BaseController.php(62): CodeIgniter\View\Parser->render()
#6 C:\Projects\codeigniter_skeleton\app\Controllers\Frontend\Home.php(11): App\Controllers\BaseController->renderLayout()
#7 C:\Projects\codeigniter_skeleton\system\CodeIgniter.php(825): App\Controllers\Frontend\Home->index()
#8 C:\Projects\codeigniter_skeleton\system\CodeIgniter.php(412): CodeIgniter\CodeIgniter->runController()
#9 C:\Projects\codeigniter_skeleton\system\CodeIgniter.php(320): CodeIgniter\CodeIgniter->handleRequest()
#10 C:\Projects\codeigniter_skeleton\public\index.php(39): CodeIgniter\CodeIgniter->run()
#11 C:\Projects\codeigniter_skeleton\system\Commands\Server\rewrite.php(43): require_once('...')
#12 {main}
CRITICAL - 2022-02-09 05:10:50 --> array_merge(): Argument #1 must be of type array, null given
#0 C:\Projects\codeigniter_skeleton\system\View\Parser.php(195): array_merge()
#1 C:\Projects\codeigniter_skeleton\app\Controllers\BaseController.php(63): CodeIgniter\View\Parser->setData()
#2 C:\Projects\codeigniter_skeleton\app\Controllers\Frontend\Home.php(11): App\Controllers\BaseController->renderLayout()
#3 C:\Projects\codeigniter_skeleton\system\CodeIgniter.php(825): App\Controllers\Frontend\Home->index()
#4 C:\Projects\codeigniter_skeleton\system\CodeIgniter.php(412): CodeIgniter\CodeIgniter->runController()
#5 C:\Projects\codeigniter_skeleton\system\CodeIgniter.php(320): CodeIgniter\CodeIgniter->handleRequest()
#6 C:\Projects\codeigniter_skeleton\public\index.php(39): CodeIgniter\CodeIgniter->run()
#7 C:\Projects\codeigniter_skeleton\system\Commands\Server\rewrite.php(43): require_once('...')
#8 {main}
CRITICAL - 2022-02-09 05:11:20 --> Cannot use positional argument after argument unpacking
#0 [internal function]: CodeIgniter\Debug\Exceptions->shutdownHandler()
#1 {main}
CRITICAL - 2022-02-09 05:11:42 --> array_merge(): Argument #1 must be of type array, null given
#0 C:\Projects\codeigniter_skeleton\system\View\Parser.php(195): array_merge()
#1 C:\Projects\codeigniter_skeleton\app\Controllers\BaseController.php(63): CodeIgniter\View\Parser->setData()
#2 C:\Projects\codeigniter_skeleton\app\Controllers\Frontend\Home.php(11): App\Controllers\BaseController->renderLayout()
#3 C:\Projects\codeigniter_skeleton\system\CodeIgniter.php(825): App\Controllers\Frontend\Home->index()
#4 C:\Projects\codeigniter_skeleton\system\CodeIgniter.php(412): CodeIgniter\CodeIgniter->runController()
#5 C:\Projects\codeigniter_skeleton\system\CodeIgniter.php(320): CodeIgniter\CodeIgniter->handleRequest()
#6 C:\Projects\codeigniter_skeleton\public\index.php(39): CodeIgniter\CodeIgniter->run()
#7 C:\Projects\codeigniter_skeleton\system\Commands\Server\rewrite.php(43): require_once('...')
#8 {main}
CRITICAL - 2022-02-09 05:12:32 --> Using $this when not in object context
#0 C:\Projects\codeigniter_skeleton\system\View\Parser.php(631): App\Libraries\ViewParserPlugin::include()
#1 C:\Projects\codeigniter_skeleton\system\View\Parser.php(226): CodeIgniter\View\Parser->parsePlugins()
#2 C:\Projects\codeigniter_skeleton\system\View\Parser.php(121): CodeIgniter\View\Parser->parse()
#3 C:\Projects\codeigniter_skeleton\app\Controllers\BaseController.php(62): CodeIgniter\View\Parser->render()
#4 C:\Projects\codeigniter_skeleton\app\Controllers\Frontend\Home.php(11): App\Controllers\BaseController->renderLayout()
#5 C:\Projects\codeigniter_skeleton\system\CodeIgniter.php(825): App\Controllers\Frontend\Home->index()
#6 C:\Projects\codeigniter_skeleton\system\CodeIgniter.php(412): CodeIgniter\CodeIgniter->runController()
#7 C:\Projects\codeigniter_skeleton\system\CodeIgniter.php(320): CodeIgniter\CodeIgniter->handleRequest()
#8 C:\Projects\codeigniter_skeleton\public\index.php(39): CodeIgniter\CodeIgniter->run()
#9 C:\Projects\codeigniter_skeleton\system\Commands\Server\rewrite.php(43): require_once('...')
#10 {main}
CRITICAL - 2022-02-09 05:14:06 --> array_merge(): Argument #1 must be of type array, null given
#0 C:\Projects\codeigniter_skeleton\system\View\Parser.php(195): array_merge()
#1 C:\Projects\codeigniter_skeleton\app\Controllers\BaseController.php(63): CodeIgniter\View\Parser->setData()
#2 C:\Projects\codeigniter_skeleton\app\Controllers\Frontend\Home.php(11): App\Controllers\BaseController->renderLayout()
#3 C:\Projects\codeigniter_skeleton\system\CodeIgniter.php(825): App\Controllers\Frontend\Home->index()
#4 C:\Projects\codeigniter_skeleton\system\CodeIgniter.php(412): CodeIgniter\CodeIgniter->runController()
#5 C:\Projects\codeigniter_skeleton\system\CodeIgniter.php(320): CodeIgniter\CodeIgniter->handleRequest()
#6 C:\Projects\codeigniter_skeleton\public\index.php(39): CodeIgniter\CodeIgniter->run()
#7 C:\Projects\codeigniter_skeleton\system\Commands\Server\rewrite.php(43): require_once('...')
#8 {main}
CRITICAL - 2022-02-09 05:14:27 --> Cannot use positional argument after argument unpacking
#0 [internal function]: CodeIgniter\Debug\Exceptions->shutdownHandler()
#1 {main}
CRITICAL - 2022-02-09 05:14:40 --> Cannot use positional argument after argument unpacking
#0 [internal function]: CodeIgniter\Debug\Exceptions->shutdownHandler()
#1 {main}
CRITICAL - 2022-02-09 05:14:49 --> Cannot use positional argument after argument unpacking
#0 [internal function]: CodeIgniter\Debug\Exceptions->shutdownHandler()
#1 {main}
CRITICAL - 2022-02-09 05:15:29 --> array_merge(): Argument #1 must be of type array, null given
#0 C:\Projects\codeigniter_skeleton\system\View\Parser.php(195): array_merge()
#1 C:\Projects\codeigniter_skeleton\app\Controllers\BaseController.php(63): CodeIgniter\View\Parser->setData()
#2 C:\Projects\codeigniter_skeleton\app\Controllers\Frontend\Home.php(11): App\Controllers\BaseController->renderLayout()
#3 C:\Projects\codeigniter_skeleton\system\CodeIgniter.php(825): App\Controllers\Frontend\Home->index()
#4 C:\Projects\codeigniter_skeleton\system\CodeIgniter.php(412): CodeIgniter\CodeIgniter->runController()
#5 C:\Projects\codeigniter_skeleton\system\CodeIgniter.php(320): CodeIgniter\CodeIgniter->handleRequest()
#6 C:\Projects\codeigniter_skeleton\public\index.php(39): CodeIgniter\CodeIgniter->run()
#7 C:\Projects\codeigniter_skeleton\system\Commands\Server\rewrite.php(43): require_once('...')
#8 {main}
CRITICAL - 2022-02-09 05:18:04 --> array_merge(): Argument #1 must be of type array, null given
#0 C:\Projects\codeigniter_skeleton\system\View\Parser.php(195): array_merge()
#1 C:\Projects\codeigniter_skeleton\app\Controllers\BaseController.php(63): CodeIgniter\View\Parser->setData()
#2 C:\Projects\codeigniter_skeleton\app\Controllers\Frontend\Home.php(11): App\Controllers\BaseController->renderLayout()
#3 C:\Projects\codeigniter_skeleton\system\CodeIgniter.php(825): App\Controllers\Frontend\Home->index()
#4 C:\Projects\codeigniter_skeleton\system\CodeIgniter.php(412): CodeIgniter\CodeIgniter->runController()
#5 C:\Projects\codeigniter_skeleton\system\CodeIgniter.php(320): CodeIgniter\CodeIgniter->handleRequest()
#6 C:\Projects\codeigniter_skeleton\public\index.php(39): CodeIgniter\CodeIgniter->run()
#7 C:\Projects\codeigniter_skeleton\system\Commands\Server\rewrite.php(43): require_once('...')
#8 {main}
CRITICAL - 2022-02-09 05:22:52 --> Undefined constant "title_for_layout"
#0 C:\Projects\codeigniter_skeleton\system\View\View.php(210): include()
#1 C:\Projects\codeigniter_skeleton\system\View\View.php(213): CodeIgniter\View\View->CodeIgniter\View\{closure}()
#2 C:\Projects\codeigniter_skeleton\system\Common.php(1089): CodeIgniter\View\View->render()
#3 C:\Projects\codeigniter_skeleton\app\Controllers\BaseController.php(63): view()
#4 C:\Projects\codeigniter_skeleton\app\Controllers\Frontend\Home.php(11): App\Controllers\BaseController->renderLayout()
#5 C:\Projects\codeigniter_skeleton\system\CodeIgniter.php(825): App\Controllers\Frontend\Home->index()
#6 C:\Projects\codeigniter_skeleton\system\CodeIgniter.php(412): CodeIgniter\CodeIgniter->runController()
#7 C:\Projects\codeigniter_skeleton\system\CodeIgniter.php(320): CodeIgniter\CodeIgniter->handleRequest()
#8 C:\Projects\codeigniter_skeleton\public\index.php(39): CodeIgniter\CodeIgniter->run()
#9 C:\Projects\codeigniter_skeleton\system\Commands\Server\rewrite.php(43): require_once('...')
#10 {main}
CRITICAL - 2022-02-09 05:34:10 --> Undefined property: App\Controllers\Frontend\Home::$router
#0 C:\Projects\codeigniter_skeleton\app\Controllers\BaseController.php(49): CodeIgniter\Debug\Exceptions->errorHandler()
#1 C:\Projects\codeigniter_skeleton\system\CodeIgniter.php(803): App\Controllers\BaseController->initController()
#2 C:\Projects\codeigniter_skeleton\system\CodeIgniter.php(403): CodeIgniter\CodeIgniter->createController()
#3 C:\Projects\codeigniter_skeleton\system\CodeIgniter.php(320): CodeIgniter\CodeIgniter->handleRequest()
#4 C:\Projects\codeigniter_skeleton\public\index.php(39): CodeIgniter\CodeIgniter->run()
#5 C:\Projects\codeigniter_skeleton\system\Commands\Server\rewrite.php(43): require_once('...')
#6 {main}
CRITICAL - 2022-02-09 20:23:11 --> Call to undefined method CodeIgniter\Router\Router::fetch_class()
#0 C:\Projects\codeigniter_skeleton\app\Controllers\BaseController.php(53): App\Controllers\BaseController->InitTemplateConfigs(Object(CodeIgniter\HTTP\IncomingRequest), Object(CodeIgniter\Session\Session))
#1 C:\Projects\codeigniter_skeleton\system\CodeIgniter.php(803): App\Controllers\BaseController->initController(Object(CodeIgniter\HTTP\IncomingRequest), Object(CodeIgniter\HTTP\Response), Object(CodeIgniter\Log\Logger))
#2 C:\Projects\codeigniter_skeleton\system\CodeIgniter.php(403): CodeIgniter\CodeIgniter->createController()
#3 C:\Projects\codeigniter_skeleton\system\CodeIgniter.php(320): CodeIgniter\CodeIgniter->handleRequest(NULL, Object(Config\Cache), false)
#4 C:\Projects\codeigniter_skeleton\public\index.php(39): CodeIgniter\CodeIgniter->run()
#5 {main}
CRITICAL - 2022-02-09 20:23:22 --> Undefined property: App\Controllers\Frontend\Home::$router
#0 C:\Projects\codeigniter_skeleton\app\Controllers\BaseController.php(65): CodeIgniter\Debug\Exceptions->errorHandler(2, 'Undefined prope...', 'C:\\Projects\\cod...', 65)
#1 C:\Projects\codeigniter_skeleton\app\Controllers\BaseController.php(53): App\Controllers\BaseController->InitTemplateConfigs(Object(CodeIgniter\HTTP\IncomingRequest), Object(CodeIgniter\Session\Session))
#2 C:\Projects\codeigniter_skeleton\system\CodeIgniter.php(803): App\Controllers\BaseController->initController(Object(CodeIgniter\HTTP\IncomingRequest), Object(CodeIgniter\HTTP\Response), Object(CodeIgniter\Log\Logger))
#3 C:\Projects\codeigniter_skeleton\system\CodeIgniter.php(403): CodeIgniter\CodeIgniter->createController()
#4 C:\Projects\codeigniter_skeleton\system\CodeIgniter.php(320): CodeIgniter\CodeIgniter->handleRequest(NULL, Object(Config\Cache), false)
#5 C:\Projects\codeigniter_skeleton\public\index.php(39): CodeIgniter\CodeIgniter->run()
#6 {main}
CRITICAL - 2022-02-09 20:26:02 --> syntax error, unexpected identifier "dd"
#0 C:\Projects\codeigniter_skeleton\system\Autoloader\Autoloader.php(241): CodeIgniter\Autoloader\Autoloader->includeFile('C:\\Projects\\cod...')
#1 C:\Projects\codeigniter_skeleton\system\Autoloader\Autoloader.php(219): CodeIgniter\Autoloader\Autoloader->loadInNamespace('App\\Controllers...')
#2 C:\Projects\codeigniter_skeleton\app\Controllers\Frontend\Home.php(7): CodeIgniter\Autoloader\Autoloader->loadClass('App\\Controllers...')
#3 C:\Projects\codeigniter_skeleton\system\Autoloader\Autoloader.php(264): include_once('C:\\Projects\\cod...')
#4 C:\Projects\codeigniter_skeleton\system\Autoloader\Autoloader.php(241): CodeIgniter\Autoloader\Autoloader->includeFile('C:\\Projects\\cod...')
#5 C:\Projects\codeigniter_skeleton\system\Autoloader\Autoloader.php(219): CodeIgniter\Autoloader\Autoloader->loadInNamespace('App\\Controllers...')
#6 [internal function]: CodeIgniter\Autoloader\Autoloader->loadClass('App\\Controllers...')
#7 C:\Projects\codeigniter_skeleton\system\CodeIgniter.php(790): class_exists('\\App\\Controller...', true)
#8 C:\Projects\codeigniter_skeleton\system\CodeIgniter.php(399): CodeIgniter\CodeIgniter->startController()
#9 C:\Projects\codeigniter_skeleton\system\CodeIgniter.php(320): CodeIgniter\CodeIgniter->handleRequest(NULL, Object(Config\Cache), false)
#10 C:\Projects\codeigniter_skeleton\public\index.php(39): CodeIgniter\CodeIgniter->run()
#11 {main}
CRITICAL - 2022-02-09 20:29:58 --> Undefined array key "is_class_name"
#0 C:\Projects\codeigniter_skeleton\app\Controllers\BaseController.php(89): CodeIgniter\Debug\Exceptions->errorHandler(2, 'Undefined array...', 'C:\\Projects\\cod...', 89)
#1 C:\Projects\codeigniter_skeleton\app\Controllers\BaseController.php(67): App\Controllers\BaseController->fnGetControllerDetail('\\App\\Controller...', Array)
#2 C:\Projects\codeigniter_skeleton\app\Controllers\BaseController.php(53): App\Controllers\BaseController->InitTemplateConfigs(Object(CodeIgniter\HTTP\IncomingRequest), Object(CodeIgniter\Session\Session))
#3 C:\Projects\codeigniter_skeleton\system\CodeIgniter.php(803): App\Controllers\BaseController->initController(Object(CodeIgniter\HTTP\IncomingRequest), Object(CodeIgniter\HTTP\Response), Object(CodeIgniter\Log\Logger))
#4 C:\Projects\codeigniter_skeleton\system\CodeIgniter.php(403): CodeIgniter\CodeIgniter->createController()
#5 C:\Projects\codeigniter_skeleton\system\CodeIgniter.php(320): CodeIgniter\CodeIgniter->handleRequest(NULL, Object(Config\Cache), false)
#6 C:\Projects\codeigniter_skeleton\public\index.php(39): CodeIgniter\CodeIgniter->run()
#7 {main}
CRITICAL - 2022-02-09 20:30:37 --> Undefined array key "is_class_name"
#0 C:\Projects\codeigniter_skeleton\app\Controllers\BaseController.php(89): CodeIgniter\Debug\Exceptions->errorHandler(2, 'Undefined array...', 'C:\\Projects\\cod...', 89)
#1 C:\Projects\codeigniter_skeleton\app\Controllers\BaseController.php(67): App\Controllers\BaseController->fnGetControllerDetail('\\App\\Controller...', Array)
#2 C:\Projects\codeigniter_skeleton\app\Controllers\BaseController.php(53): App\Controllers\BaseController->InitTemplateConfigs(Object(CodeIgniter\HTTP\IncomingRequest), Object(CodeIgniter\Session\Session))
#3 C:\Projects\codeigniter_skeleton\system\CodeIgniter.php(803): App\Controllers\BaseController->initController(Object(CodeIgniter\HTTP\IncomingRequest), Object(CodeIgniter\HTTP\Response), Object(CodeIgniter\Log\Logger))
#4 C:\Projects\codeigniter_skeleton\system\CodeIgniter.php(403): CodeIgniter\CodeIgniter->createController()
#5 C:\Projects\codeigniter_skeleton\system\CodeIgniter.php(320): CodeIgniter\CodeIgniter->handleRequest(NULL, Object(Config\Cache), false)
#6 C:\Projects\codeigniter_skeleton\public\index.php(39): CodeIgniter\CodeIgniter->run()
#7 {main}
CRITICAL - 2022-02-09 20:32:13 --> Undefined array key 4
#0 C:\Projects\codeigniter_skeleton\app\Controllers\BaseController.php(98): CodeIgniter\Debug\Exceptions->errorHandler(2, 'Undefined array...', 'C:\\Projects\\cod...', 98)
#1 C:\Projects\codeigniter_skeleton\app\Controllers\BaseController.php(67): App\Controllers\BaseController->fnGetControllerDetail('\\App\\Controller...', Array)
#2 C:\Projects\codeigniter_skeleton\app\Controllers\BaseController.php(53): App\Controllers\BaseController->InitTemplateConfigs(Object(CodeIgniter\HTTP\IncomingRequest), Object(CodeIgniter\Session\Session))
#3 C:\Projects\codeigniter_skeleton\system\CodeIgniter.php(803): App\Controllers\BaseController->initController(Object(CodeIgniter\HTTP\IncomingRequest), Object(CodeIgniter\HTTP\Response), Object(CodeIgniter\Log\Logger))
#4 C:\Projects\codeigniter_skeleton\system\CodeIgniter.php(403): CodeIgniter\CodeIgniter->createController()
#5 C:\Projects\codeigniter_skeleton\system\CodeIgniter.php(320): CodeIgniter\CodeIgniter->handleRequest(NULL, Object(Config\Cache), false)
#6 C:\Projects\codeigniter_skeleton\public\index.php(39): CodeIgniter\CodeIgniter->run()
#7 {main}
CRITICAL - 2022-02-09 20:32:40 --> Undefined array key 4
#0 C:\Projects\codeigniter_skeleton\app\Controllers\BaseController.php(98): CodeIgniter\Debug\Exceptions->errorHandler(2, 'Undefined array...', 'C:\\Projects\\cod...', 98)
#1 C:\Projects\codeigniter_skeleton\app\Controllers\BaseController.php(67): App\Controllers\BaseController->fnGetControllerDetail('\\App\\Controller...', Array)
#2 C:\Projects\codeigniter_skeleton\app\Controllers\BaseController.php(53): App\Controllers\BaseController->InitTemplateConfigs(Object(CodeIgniter\HTTP\IncomingRequest), Object(CodeIgniter\Session\Session))
#3 C:\Projects\codeigniter_skeleton\system\CodeIgniter.php(803): App\Controllers\BaseController->initController(Object(CodeIgniter\HTTP\IncomingRequest), Object(CodeIgniter\HTTP\Response), Object(CodeIgniter\Log\Logger))
#4 C:\Projects\codeigniter_skeleton\system\CodeIgniter.php(403): CodeIgniter\CodeIgniter->createController()
#5 C:\Projects\codeigniter_skeleton\system\CodeIgniter.php(320): CodeIgniter\CodeIgniter->handleRequest(NULL, Object(Config\Cache), false)
#6 C:\Projects\codeigniter_skeleton\public\index.php(39): CodeIgniter\CodeIgniter->run()
#7 {main}
