CRITICAL - 2022-02-11 00:38:47 --> Invalid file: Pages/Frontend/index.js.php
#0 C:\Projects\codeigniter_skeleton\system\View\View.php(198): CodeIgniter\Exceptions\FrameworkException::forInvalidFile('Pages/Frontend/...')
#1 C:\Projects\codeigniter_skeleton\system\View\View.php(424): CodeIgniter\View\View->render('Pages/Frontend/...', NULL, true)
#2 C:\Projects\codeigniter_skeleton\app\Views\Layouts\Adminlte\Includes\home\include_js.php(19): CodeIgniter\View\View->include('Pages/Frontend/...')
#3 C:\Projects\codeigniter_skeleton\system\View\View.php(210): include('C:\\Projects\\cod...')
#4 C:\Projects\codeigniter_skeleton\system\View\View.php(213): CodeIgniter\View\View->CodeIgniter\View\{closure}()
#5 C:\Projects\codeigniter_skeleton\system\View\View.php(424): CodeIgniter\View\View->render('Layouts/Adminlt...', NULL, true)
#6 C:\Projects\codeigniter_skeleton\app\Views\Layouts\Adminlte\home.php(43): CodeIgniter\View\View->include('Layouts/Adminlt...')
#7 C:\Projects\codeigniter_skeleton\system\View\View.php(210): include('C:\\Projects\\cod...')
#8 C:\Projects\codeigniter_skeleton\system\View\View.php(213): CodeIgniter\View\View->CodeIgniter\View\{closure}()
#9 C:\Projects\codeigniter_skeleton\system\Common.php(1089): CodeIgniter\View\View->render('Layouts/Adminlt...', Array, true)
#10 C:\Projects\codeigniter_skeleton\app\Controllers\BaseController.php(58): view('Layouts/Adminlt...', Array, Array)
#11 C:\Projects\codeigniter_skeleton\app\Controllers\Frontend\Home.php(11): App\Controllers\BaseController->renderLayout('Layouts/Adminlt...', Array)
#12 C:\Projects\codeigniter_skeleton\system\CodeIgniter.php(825): App\Controllers\Frontend\Home->index()
#13 C:\Projects\codeigniter_skeleton\system\CodeIgniter.php(412): CodeIgniter\CodeIgniter->runController(Object(App\Controllers\Frontend\Home))
#14 C:\Projects\codeigniter_skeleton\system\CodeIgniter.php(320): CodeIgniter\CodeIgniter->handleRequest(NULL, Object(Config\Cache), false)
#15 C:\Projects\codeigniter_skeleton\public\index.php(39): CodeIgniter\CodeIgniter->run()
#16 {main}
CRITICAL - 2022-02-11 00:48:29 --> Invalid file: Layouts/Adminlte/Includes/home/include_meta.php
#0 C:\Projects\codeigniter_skeleton\system\View\View.php(198): CodeIgniter\Exceptions\FrameworkException::forInvalidFile('Layouts/Adminlt...')
#1 C:\Projects\codeigniter_skeleton\system\View\View.php(424): CodeIgniter\View\View->render('Layouts/Adminlt...', NULL, true)
#2 C:\Projects\codeigniter_skeleton\app\Views\Public_html\Layouts\Adminlte\home.php(5): CodeIgniter\View\View->include('Layouts/Adminlt...')
#3 C:\Projects\codeigniter_skeleton\system\View\View.php(210): include('C:\\Projects\\cod...')
#4 C:\Projects\codeigniter_skeleton\system\View\View.php(213): CodeIgniter\View\View->CodeIgniter\View\{closure}()
#5 C:\Projects\codeigniter_skeleton\system\Common.php(1089): CodeIgniter\View\View->render('Public_html/Lay...', Array, true)
#6 C:\Projects\codeigniter_skeleton\app\Controllers\BaseController.php(58): view('Public_html/Lay...', Array, Array)
#7 C:\Projects\codeigniter_skeleton\app\Controllers\Frontend\Home.php(11): App\Controllers\BaseController->renderLayout('Layouts/Adminlt...', Array)
#8 C:\Projects\codeigniter_skeleton\system\CodeIgniter.php(825): App\Controllers\Frontend\Home->index()
#9 C:\Projects\codeigniter_skeleton\system\CodeIgniter.php(412): CodeIgniter\CodeIgniter->runController(Object(App\Controllers\Frontend\Home))
#10 C:\Projects\codeigniter_skeleton\system\CodeIgniter.php(320): CodeIgniter\CodeIgniter->handleRequest(NULL, Object(Config\Cache), false)
#11 C:\Projects\codeigniter_skeleton\public\index.php(39): CodeIgniter\CodeIgniter->run()
#12 {main}
CRITICAL - 2022-02-11 00:48:53 --> Invalid file: Helpers/global.js.php
#0 C:\Projects\codeigniter_skeleton\system\View\View.php(198): CodeIgniter\Exceptions\FrameworkException::forInvalidFile('Helpers/global....')
#1 C:\Projects\codeigniter_skeleton\system\View\View.php(424): CodeIgniter\View\View->render('Helpers/global....', NULL, true)
#2 C:\Projects\codeigniter_skeleton\app\Views\Public_html\Layouts\Adminlte\Includes\home\include_js.php(16): CodeIgniter\View\View->include('Helpers/global....')
#3 C:\Projects\codeigniter_skeleton\system\View\View.php(210): include('C:\\Projects\\cod...')
#4 C:\Projects\codeigniter_skeleton\system\View\View.php(213): CodeIgniter\View\View->CodeIgniter\View\{closure}()
#5 C:\Projects\codeigniter_skeleton\system\View\View.php(424): CodeIgniter\View\View->render('Public_html/Lay...', NULL, true)
#6 C:\Projects\codeigniter_skeleton\app\Views\Public_html\Layouts\Adminlte\home.php(43): CodeIgniter\View\View->include('Public_html/Lay...')
#7 C:\Projects\codeigniter_skeleton\system\View\View.php(210): include('C:\\Projects\\cod...')
#8 C:\Projects\codeigniter_skeleton\system\View\View.php(213): CodeIgniter\View\View->CodeIgniter\View\{closure}()
#9 C:\Projects\codeigniter_skeleton\system\Common.php(1089): CodeIgniter\View\View->render('Public_html/Lay...', Array, true)
#10 C:\Projects\codeigniter_skeleton\app\Controllers\BaseController.php(58): view('Public_html/Lay...', Array, Array)
#11 C:\Projects\codeigniter_skeleton\app\Controllers\Frontend\Home.php(11): App\Controllers\BaseController->renderLayout('Layouts/Adminlt...', Array)
#12 C:\Projects\codeigniter_skeleton\system\CodeIgniter.php(825): App\Controllers\Frontend\Home->index()
#13 C:\Projects\codeigniter_skeleton\system\CodeIgniter.php(412): CodeIgniter\CodeIgniter->runController(Object(App\Controllers\Frontend\Home))
#14 C:\Projects\codeigniter_skeleton\system\CodeIgniter.php(320): CodeIgniter\CodeIgniter->handleRequest(NULL, Object(Config\Cache), false)
#15 C:\Projects\codeigniter_skeleton\public\index.php(39): CodeIgniter\CodeIgniter->run()
#16 {main}
CRITICAL - 2022-02-11 00:51:03 --> Invalid file: Helpers/global.js.php
#0 C:\Projects\codeigniter_skeleton\system\View\View.php(198): CodeIgniter\Exceptions\FrameworkException::forInvalidFile('Helpers/global....')
#1 C:\Projects\codeigniter_skeleton\system\View\View.php(424): CodeIgniter\View\View->render('Helpers/global....', NULL, true)
#2 C:\Projects\codeigniter_skeleton\app\Views\Public_html\Layouts\Adminlte\Includes\home\include_js.php(16): CodeIgniter\View\View->include('Helpers/global....')
#3 C:\Projects\codeigniter_skeleton\system\View\View.php(210): include('C:\\Projects\\cod...')
#4 C:\Projects\codeigniter_skeleton\system\View\View.php(213): CodeIgniter\View\View->CodeIgniter\View\{closure}()
#5 C:\Projects\codeigniter_skeleton\system\View\View.php(424): CodeIgniter\View\View->render('Public_html/Lay...', NULL, true)
#6 C:\Projects\codeigniter_skeleton\app\Views\Public_html\Layouts\Adminlte\home.php(43): CodeIgniter\View\View->include('Public_html/Lay...')
#7 C:\Projects\codeigniter_skeleton\system\View\View.php(210): include('C:\\Projects\\cod...')
#8 C:\Projects\codeigniter_skeleton\system\View\View.php(213): CodeIgniter\View\View->CodeIgniter\View\{closure}()
#9 C:\Projects\codeigniter_skeleton\system\Common.php(1089): CodeIgniter\View\View->render('Public_html/Lay...', Array, true)
#10 C:\Projects\codeigniter_skeleton\app\Controllers\BaseController.php(58): view('Public_html/Lay...', Array, Array)
#11 C:\Projects\codeigniter_skeleton\app\Controllers\Frontend\Home.php(11): App\Controllers\BaseController->renderLayout('Layouts/Adminlt...', Array)
#12 C:\Projects\codeigniter_skeleton\system\CodeIgniter.php(825): App\Controllers\Frontend\Home->index()
#13 C:\Projects\codeigniter_skeleton\system\CodeIgniter.php(412): CodeIgniter\CodeIgniter->runController(Object(App\Controllers\Frontend\Home))
#14 C:\Projects\codeigniter_skeleton\system\CodeIgniter.php(320): CodeIgniter\CodeIgniter->handleRequest(NULL, Object(Config\Cache), false)
#15 C:\Projects\codeigniter_skeleton\public\index.php(39): CodeIgniter\CodeIgniter->run()
#16 {main}
