CRITICAL - 2022-02-10 01:31:42 --> Class "App\Controllers\stdClass" not found
#0 C:\Projects\codeigniter_skeleton\app\Controllers\BaseController.php(53): App\Controllers\BaseController->InitTemplateConfigs(Object(CodeIgniter\HTTP\IncomingRequest), Object(CodeIgniter\Session\Session))
#1 C:\Projects\codeigniter_skeleton\system\CodeIgniter.php(803): App\Controllers\BaseController->initController(Object(CodeIgniter\HTTP\IncomingRequest), Object(CodeIgniter\HTTP\Response), Object(CodeIgniter\Log\Logger))
#2 C:\Projects\codeigniter_skeleton\system\CodeIgniter.php(403): CodeIgniter\CodeIgniter->createController()
#3 C:\Projects\codeigniter_skeleton\system\CodeIgniter.php(320): CodeIgniter\CodeIgniter->handleRequest(NULL, Object(Config\Cache), false)
#4 C:\Projects\codeigniter_skeleton\public\index.php(39): CodeIgniter\CodeIgniter->run()
#5 {main}
CRITICAL - 2022-02-10 01:32:34 --> Undefined property: App\Controllers\Frontend\Home::$load
#0 C:\Projects\codeigniter_skeleton\app\Controllers\BaseController.php(81): CodeIgniter\Debug\Exceptions->errorHandler(2, 'Undefined prope...', 'C:\\Projects\\cod...', 81)
#1 C:\Projects\codeigniter_skeleton\app\Controllers\BaseController.php(53): App\Controllers\BaseController->InitTemplateConfigs(Object(CodeIgniter\HTTP\IncomingRequest), Object(CodeIgniter\Session\Session))
#2 C:\Projects\codeigniter_skeleton\system\CodeIgniter.php(803): App\Controllers\BaseController->initController(Object(CodeIgniter\HTTP\IncomingRequest), Object(CodeIgniter\HTTP\Response), Object(CodeIgniter\Log\Logger))
#3 C:\Projects\codeigniter_skeleton\system\CodeIgniter.php(403): CodeIgniter\CodeIgniter->createController()
#4 C:\Projects\codeigniter_skeleton\system\CodeIgniter.php(320): CodeIgniter\CodeIgniter->handleRequest(NULL, Object(Config\Cache), false)
#5 C:\Projects\codeigniter_skeleton\public\index.php(39): CodeIgniter\CodeIgniter->run()
#6 {main}
CRITICAL - 2022-02-10 01:32:52 --> syntax error, unexpected token "if"
#0 C:\Projects\codeigniter_skeleton\system\View\View.php(213): CodeIgniter\View\View->CodeIgniter\View\{closure}()
#1 C:\Projects\codeigniter_skeleton\system\View\View.php(424): CodeIgniter\View\View->render('Components/cont...', NULL, true)
#2 C:\Projects\codeigniter_skeleton\app\Views\Layouts\Adminlte\home.php(23): CodeIgniter\View\View->include('Components/cont...')
#3 C:\Projects\codeigniter_skeleton\system\View\View.php(210): include('C:\\Projects\\cod...')
#4 C:\Projects\codeigniter_skeleton\system\View\View.php(213): CodeIgniter\View\View->CodeIgniter\View\{closure}()
#5 C:\Projects\codeigniter_skeleton\system\Common.php(1089): CodeIgniter\View\View->render('Layouts/Adminlt...', Array, true)
#6 C:\Projects\codeigniter_skeleton\app\Controllers\BaseController.php(103): view('Layouts/Adminlt...', Array, Array)
#7 C:\Projects\codeigniter_skeleton\app\Controllers\Frontend\Home.php(11): App\Controllers\BaseController->renderLayout('Layouts/Adminlt...', Array)
#8 C:\Projects\codeigniter_skeleton\system\CodeIgniter.php(825): App\Controllers\Frontend\Home->index()
#9 C:\Projects\codeigniter_skeleton\system\CodeIgniter.php(412): CodeIgniter\CodeIgniter->runController(Object(App\Controllers\Frontend\Home))
#10 C:\Projects\codeigniter_skeleton\system\CodeIgniter.php(320): CodeIgniter\CodeIgniter->handleRequest(NULL, Object(Config\Cache), false)
#11 C:\Projects\codeigniter_skeleton\public\index.php(39): CodeIgniter\CodeIgniter->run()
#12 {main}
CRITICAL - 2022-02-10 01:33:32 --> Undefined variable $_var_template
#0 C:\Projects\codeigniter_skeleton\app\Views\Components\content.php(2): CodeIgniter\Debug\Exceptions->errorHandler(2, 'Undefined varia...', 'C:\\Projects\\cod...', 2)
#1 C:\Projects\codeigniter_skeleton\system\View\View.php(210): include('C:\\Projects\\cod...')
#2 C:\Projects\codeigniter_skeleton\system\View\View.php(213): CodeIgniter\View\View->CodeIgniter\View\{closure}()
#3 C:\Projects\codeigniter_skeleton\system\View\View.php(424): CodeIgniter\View\View->render('Components/cont...', NULL, true)
#4 C:\Projects\codeigniter_skeleton\app\Views\Layouts\Adminlte\home.php(23): CodeIgniter\View\View->include('Components/cont...')
#5 C:\Projects\codeigniter_skeleton\system\View\View.php(210): include('C:\\Projects\\cod...')
#6 C:\Projects\codeigniter_skeleton\system\View\View.php(213): CodeIgniter\View\View->CodeIgniter\View\{closure}()
#7 C:\Projects\codeigniter_skeleton\system\Common.php(1089): CodeIgniter\View\View->render('Layouts/Adminlt...', Array, true)
#8 C:\Projects\codeigniter_skeleton\app\Controllers\BaseController.php(103): view('Layouts/Adminlt...', Array, Array)
#9 C:\Projects\codeigniter_skeleton\app\Controllers\Frontend\Home.php(11): App\Controllers\BaseController->renderLayout('Layouts/Adminlt...', Array)
#10 C:\Projects\codeigniter_skeleton\system\CodeIgniter.php(825): App\Controllers\Frontend\Home->index()
#11 C:\Projects\codeigniter_skeleton\system\CodeIgniter.php(412): CodeIgniter\CodeIgniter->runController(Object(App\Controllers\Frontend\Home))
#12 C:\Projects\codeigniter_skeleton\system\CodeIgniter.php(320): CodeIgniter\CodeIgniter->handleRequest(NULL, Object(Config\Cache), false)
#13 C:\Projects\codeigniter_skeleton\public\index.php(39): CodeIgniter\CodeIgniter->run()
#14 {main}
CRITICAL - 2022-02-10 01:33:51 --> Undefined property: CodeIgniter\View\View::$template_configs
#0 C:\Projects\codeigniter_skeleton\app\Views\Components\content.php(2): CodeIgniter\Debug\Exceptions->errorHandler(2, 'Undefined prope...', 'C:\\Projects\\cod...', 2)
#1 C:\Projects\codeigniter_skeleton\system\View\View.php(210): include('C:\\Projects\\cod...')
#2 C:\Projects\codeigniter_skeleton\system\View\View.php(213): CodeIgniter\View\View->CodeIgniter\View\{closure}()
#3 C:\Projects\codeigniter_skeleton\system\View\View.php(424): CodeIgniter\View\View->render('Components/cont...', NULL, true)
#4 C:\Projects\codeigniter_skeleton\app\Views\Layouts\Adminlte\home.php(23): CodeIgniter\View\View->include('Components/cont...')
#5 C:\Projects\codeigniter_skeleton\system\View\View.php(210): include('C:\\Projects\\cod...')
#6 C:\Projects\codeigniter_skeleton\system\View\View.php(213): CodeIgniter\View\View->CodeIgniter\View\{closure}()
#7 C:\Projects\codeigniter_skeleton\system\Common.php(1089): CodeIgniter\View\View->render('Layouts/Adminlt...', Array, true)
#8 C:\Projects\codeigniter_skeleton\app\Controllers\BaseController.php(103): view('Layouts/Adminlt...', Array, Array)
#9 C:\Projects\codeigniter_skeleton\app\Controllers\Frontend\Home.php(11): App\Controllers\BaseController->renderLayout('Layouts/Adminlt...', Array)
#10 C:\Projects\codeigniter_skeleton\system\CodeIgniter.php(825): App\Controllers\Frontend\Home->index()
#11 C:\Projects\codeigniter_skeleton\system\CodeIgniter.php(412): CodeIgniter\CodeIgniter->runController(Object(App\Controllers\Frontend\Home))
#12 C:\Projects\codeigniter_skeleton\system\CodeIgniter.php(320): CodeIgniter\CodeIgniter->handleRequest(NULL, Object(Config\Cache), false)
#13 C:\Projects\codeigniter_skeleton\public\index.php(39): CodeIgniter\CodeIgniter->run()
#14 {main}
CRITICAL - 2022-02-10 23:50:14 --> Undefined variable $_var_template
#0 C:\Projects\codeigniter_skeleton\app\Views\Layouts\Adminlte\Includes\home\include_js.php(15): CodeIgniter\Debug\Exceptions->errorHandler(2, 'Undefined varia...', 'C:\\Projects\\cod...', 15)
#1 C:\Projects\codeigniter_skeleton\system\View\View.php(210): include('C:\\Projects\\cod...')
#2 C:\Projects\codeigniter_skeleton\system\View\View.php(213): CodeIgniter\View\View->CodeIgniter\View\{closure}()
#3 C:\Projects\codeigniter_skeleton\system\View\View.php(424): CodeIgniter\View\View->render('Layouts/Adminlt...', NULL, true)
#4 C:\Projects\codeigniter_skeleton\app\Views\Layouts\Adminlte\home.php(43): CodeIgniter\View\View->include('Layouts/Adminlt...')
#5 C:\Projects\codeigniter_skeleton\system\View\View.php(210): include('C:\\Projects\\cod...')
#6 C:\Projects\codeigniter_skeleton\system\View\View.php(213): CodeIgniter\View\View->CodeIgniter\View\{closure}()
#7 C:\Projects\codeigniter_skeleton\system\Common.php(1089): CodeIgniter\View\View->render('Layouts/Adminlt...', Array, true)
#8 C:\Projects\codeigniter_skeleton\app\Controllers\BaseController.php(58): view('Layouts/Adminlt...', Array, Array)
#9 C:\Projects\codeigniter_skeleton\app\Controllers\Frontend\Home.php(11): App\Controllers\BaseController->renderLayout('Layouts/Adminlt...', Array)
#10 C:\Projects\codeigniter_skeleton\system\CodeIgniter.php(825): App\Controllers\Frontend\Home->index()
#11 C:\Projects\codeigniter_skeleton\system\CodeIgniter.php(412): CodeIgniter\CodeIgniter->runController(Object(App\Controllers\Frontend\Home))
#12 C:\Projects\codeigniter_skeleton\system\CodeIgniter.php(320): CodeIgniter\CodeIgniter->handleRequest(NULL, Object(Config\Cache), false)
#13 C:\Projects\codeigniter_skeleton\public\index.php(39): CodeIgniter\CodeIgniter->run()
#14 {main}
CRITICAL - 2022-02-10 23:50:36 --> Undefined variable $_var_template
#0 C:\Projects\codeigniter_skeleton\app\Views\Layouts\Adminlte\Includes\home\include_js.php(15): CodeIgniter\Debug\Exceptions->errorHandler(2, 'Undefined varia...', 'C:\\Projects\\cod...', 15)
#1 C:\Projects\codeigniter_skeleton\system\View\View.php(210): include('C:\\Projects\\cod...')
#2 C:\Projects\codeigniter_skeleton\system\View\View.php(213): CodeIgniter\View\View->CodeIgniter\View\{closure}()
#3 C:\Projects\codeigniter_skeleton\system\View\View.php(424): CodeIgniter\View\View->render('Layouts/Adminlt...', NULL, true)
#4 C:\Projects\codeigniter_skeleton\app\Views\Layouts\Adminlte\home.php(43): CodeIgniter\View\View->include('Layouts/Adminlt...')
#5 C:\Projects\codeigniter_skeleton\system\View\View.php(210): include('C:\\Projects\\cod...')
#6 C:\Projects\codeigniter_skeleton\system\View\View.php(213): CodeIgniter\View\View->CodeIgniter\View\{closure}()
#7 C:\Projects\codeigniter_skeleton\system\Common.php(1089): CodeIgniter\View\View->render('Layouts/Adminlt...', Array, true)
#8 C:\Projects\codeigniter_skeleton\app\Controllers\BaseController.php(58): view('Layouts/Adminlt...', Array, Array)
#9 C:\Projects\codeigniter_skeleton\app\Controllers\Frontend\Home.php(11): App\Controllers\BaseController->renderLayout('Layouts/Adminlt...', Array)
#10 C:\Projects\codeigniter_skeleton\system\CodeIgniter.php(825): App\Controllers\Frontend\Home->index()
#11 C:\Projects\codeigniter_skeleton\system\CodeIgniter.php(412): CodeIgniter\CodeIgniter->runController(Object(App\Controllers\Frontend\Home))
#12 C:\Projects\codeigniter_skeleton\system\CodeIgniter.php(320): CodeIgniter\CodeIgniter->handleRequest(NULL, Object(Config\Cache), false)
#13 C:\Projects\codeigniter_skeleton\public\index.php(39): CodeIgniter\CodeIgniter->run()
#14 {main}
